#-----------------------------------------------------------
# PlanAhead v14.4 (64-bit)
# Build 222254 by xbuild on Tue Dec 18 05:21:09 MST 2012
# Start of session at: Tue Dec 01 22:53:14 2015
# Process ID: 2804
# Log file: C:/Users/gonzalje/Desktop/CPE142/planAhead_run_1/planAhead.log
# Journal file: C:/Users/gonzalje/Desktop/CPE142/planAhead_run_1/planAhead.jou
#-----------------------------------------------------------
INFO: [Common 17-78] Attempting to get a license: PlanAhead
INFO: [Common 17-290] Got license for PlanAhead
INFO: [Common 17-86] Your PlanAhead license expires in -821 day(s)
INFO: [Device 21-36] Loading parts and site information from C:/Xilinx/14.4/ISE_DS/PlanAhead/data/parts/arch.xml
Parsing RTL primitives file [C:/Xilinx/14.4/ISE_DS/PlanAhead/data/parts/xilinx/rtl/prims/rtl_prims.xml]
Finished parsing RTL primitives file [C:/Xilinx/14.4/ISE_DS/PlanAhead/data/parts/xilinx/rtl/prims/rtl_prims.xml]
start_gui
source C:/Users/gonzalje/Desktop/CPE142/pa.fromNcd.tcl
# create_project -name CPE142 -dir "C:/Users/gonzalje/Desktop/CPE142/planAhead_run_1" -part xc7a100tcsg324-3
create_project: Time (s): elapsed = 00:00:08 . Memory (MB): peak = 448.254 ; gain = 67.883
INFO: [Common 17-41] Interrupt caught. Command should exit soon.
INFO: [Common 17-344] 'current_run' was cancelled
INFO: [Common 17-344] 'source' was cancelled
exit
ERROR: [PlanAhead 12-106] *** Exception: ui.h.b: Found deleted key in HTclEventBroker. Verify if the classes listed here call cleanup()
HTclEvent: SIGNAL_MODIFY   Classes: ui.views.aR 
HTclEvent: DEBUG_PORT_CONFIG_CHANGE   Classes: ui.views.aR 
HTclEvent: SIGNAL_BUS_MODIFY   Classes: ui.views.aR 
HTclEvent: DEBUG_CORE_CONFIG_CHANGE   Classes: ui.views.aR 
 (See C:/Users/gonzalje/Desktop/CPE142\planAhead_pid2804.debug)
ERROR: [Common 17-39] 'stop_gui' failed due to earlier errors.
INFO: [Common 17-206] Exiting PlanAhead at Tue Dec 01 22:54:49 2015...
INFO: [Common 17-83] Releasing license: PlanAhead
